2025-04-24 11:10:10.029 [Information] TwitchViewerBot.Data.Seeders.DbInitializer: Инициализация базы данных...
2025-04-24 11:10:10.045 [Information] [TwitchViewerBot.Data.Seeders.DbInitializer] Инициализация базы данных...
2025-04-24 11:10:10.403 [Information] TwitchViewerBot.Data.Seeders.DbInitializer: Прокси уже загружены.
2025-04-24 11:10:10.432 [Information] TwitchViewerBot.Data.Seeders.DbInitializer: Аккаунты уже загружены.
2025-04-24 11:10:10.461 [Information] TwitchViewerBot.Data.Seeders.DbInitializer: Инициализация БД завершена.
2025-04-24 11:10:13.597 [Information] [TwitchViewerBot.Workers.TaskRunner] TaskRunner запущен
2025-04-24 11:10:13.815 [Information] [TwitchViewerBot.Workers.TaskRunner] Найдено 1 задач в ожидании запуска
2025-04-24 11:10:13.815 [Information] [TwitchViewerBot.Workers.TaskRunner] Запуск задачи 4 для https://www.twitch.tv/codesraebs
2025-04-24 11:10:29.217 [Information] [TwitchViewerBot.Core.Services.TwitchService] Просматриваем стрим с shadowanrs3
2025-04-24 11:10:40.177 [Information] [TwitchViewerBot.Core.Services.TwitchService] Просматриваем стрим с chungyqueso
2025-04-24 11:10:51.093 [Information] [TwitchViewerBot.Core.Services.TwitchService] Просматриваем стрим с iw4oo
2025-04-24 11:11:01.996 [Information] [TwitchViewerBot.Core.Services.TwitchService] Просматриваем стрим с tpfjae
2025-04-24 11:11:13.591 [Information] [TwitchViewerBot.Core.Services.TwitchService] Просматриваем стрим с lxm7377
2025-04-24 11:11:25.277 [Information] [TwitchViewerBot.Core.Services.TwitchService] Просматриваем стрим с szejme_
2025-04-24 11:11:34.987 [Information] [TwitchViewerBot.Core.Services.TwitchService] Просматриваем стрим с lagman_o3
2025-04-24 11:11:45.308 [Information] [TwitchViewerBot.Core.Services.TwitchService] Просматриваем стрим с coopiskrxzy
2025-04-24 11:11:59.789 [Information] [TwitchViewerBot.Core.Services.TwitchService] Просматриваем стрим с matti_23_ita
2025-04-24 11:12:09.998 [Information] [TwitchViewerBot.Core.Services.TwitchService] Просматриваем стрим с leonovich1
2025-04-24 11:12:21.071 [Information] [TwitchViewerBot.Core.Services.TwitchService] Просматриваем стрим с isyhjyi
2025-04-24 11:12:33.686 [Information] [TwitchViewerBot.Core.Services.TwitchService] Просматриваем стрим с stoviksedi
2025-04-24 11:12:43.915 [Information] [TwitchViewerBot.Core.Services.TwitchService] Просматриваем стрим с ow_despair
2025-04-24 11:12:58.766 [Information] [TwitchViewerBot.Core.Services.TwitchService] Просматриваем стрим с pintinhochoco
2025-04-24 11:13:11.034 [Information] [TwitchViewerBot.Core.Services.TwitchService] Просматриваем стрим с kamisatoteera
2025-04-24 11:13:21.387 [Information] [TwitchViewerBot.Core.Services.TwitchService] Просматриваем стрим с elissontheo
2025-04-24 11:13:32.221 [Information] [TwitchViewerBot.Core.Services.TwitchService] Просматриваем стрим с psycho_punck
2025-04-24 11:13:43.881 [Information] [TwitchViewerBot.Core.Services.TwitchService] Просматриваем стрим с sunshy1a1a
2025-04-24 11:13:53.813 [Information] [TwitchViewerBot.Core.Services.TwitchService] Просматриваем стрим с zilverelxd
2025-04-24 11:14:05.548 [Information] [TwitchViewerBot.Core.Services.TwitchService] Просматриваем стрим с qwejyt
2025-04-24 11:14:19.384 [Information] [TwitchViewerBot.Core.Services.TwitchService] Просматриваем стрим с mrstuartlirul
2025-04-24 11:14:32.058 [Information] [TwitchViewerBot.Core.Services.TwitchService] Просматриваем стрим с ihatque
2025-04-24 11:14:43.994 [Information] [TwitchViewerBot.Core.Services.TwitchService] Просматриваем стрим с dark_angel444
2025-04-24 11:14:57.319 [Information] [TwitchViewerBot.Core.Services.TwitchService] Просматриваем стрим с attycwe
2025-04-24 11:15:12.795 [Information] [TwitchViewerBot.Core.Services.TwitchService] Просматриваем стрим с igris_hou
2025-04-24 11:16:35.246 [Information] [Microsoft.Hosting.Lifetime] Application started. Press Ctrl+C to shut down.
2025-04-24 11:16:35.249 [Information] [Microsoft.Hosting.Lifetime] Hosting environment: Production
2025-04-24 11:16:35.250 [Information] [Microsoft.Hosting.Lifetime] Content root path: C:\Users\Nismo\Documents\GitHub\streams-shop\service\TwitchBot\bin\Debug\net8.0
