2025-04-24 00:59:44.519 [Information] TwitchViewerBot.Data.Seeders.DbInitializer: Инициализация базы данных...
2025-04-24 00:59:44.534 [Information] [TwitchViewerBot.Data.Seeders.DbInitializer] Инициализация базы данных...
2025-04-24 00:59:44.914 [Information] TwitchViewerBot.Data.Seeders.DbInitializer: Прокси уже загружены.
2025-04-24 00:59:44.938 [Information] [TwitchViewerBot.Data.Seeders.DbInitializer] Аккаунты уже загружены.
2025-04-24 00:59:44.980 [Information] [TwitchViewerBot.Data.Seeders.DbInitializer] Инициализация БД завершена.
2025-04-24 00:59:45.720 [Information] [TwitchViewerBot.Workers.TaskRunner] TaskRunner запущен
2025-04-24 00:59:45.888 [Information] [TwitchViewerBot.Workers.TaskRunner] Найдено 1 задач в ожидании запуска
2025-04-24 00:59:45.888 [Information] [TwitchViewerBot.Workers.TaskRunner] Запуск задачи 4 для https://www.twitch.tv/suzukaspec
2025-04-24 01:00:00.092 [Information] [TwitchViewerBot.Core.Services.TwitchService] Просматриваем стрим с shadowanrs3
2025-04-24 01:00:11.162 [Information] [TwitchViewerBot.Core.Services.TwitchService] Просматриваем стрим с chungyqueso
2025-04-24 01:00:22.708 [Information] [TwitchViewerBot.Core.Services.TwitchService] Просматриваем стрим с iw4oo
2025-04-24 01:00:36.913 [Information] [TwitchViewerBot.Core.Services.TwitchService] Просматриваем стрим с tpfjae
2025-04-24 01:00:49.472 [Information] [TwitchViewerBot.Core.Services.TwitchService] Просматриваем стрим с lxm7377
2025-04-24 01:01:04.304 [Information] [TwitchViewerBot.Core.Services.TwitchService] Просматриваем стрим с szejme_
2025-04-24 01:01:20.220 [Information] [TwitchViewerBot.Core.Services.TwitchService] Просматриваем стрим с lagman_o3
2025-04-24 01:01:41.829 [Information] [TwitchViewerBot.Core.Services.TwitchService] Просматриваем стрим с coopiskrxzy
2025-04-24 01:02:00.580 [Information] [TwitchViewerBot.Core.Services.TwitchService] Просматриваем стрим с matti_23_ita
2025-04-24 01:02:20.295 [Information] [TwitchViewerBot.Core.Services.TwitchService] Просматриваем стрим с leonovich1
2025-04-24 01:02:46.932 [Information] [TwitchViewerBot.Core.Services.TwitchService] Просматриваем стрим с isyhjyi
2025-04-24 01:03:04.619 [Information] [TwitchViewerBot.Core.Services.TwitchService] Просматриваем стрим с stoviksedi
2025-04-24 01:03:29.942 [Information] [TwitchViewerBot.Core.Services.TwitchService] Просматриваем стрим с ow_despair
2025-04-24 01:04:01.137 [Information] [TwitchViewerBot.Core.Services.TwitchService] Просматриваем стрим с pintinhochoco
2025-04-24 01:04:48.104 [Information] [TwitchViewerBot.Core.Services.TwitchService] Просматриваем стрим с kamisatoteera
2025-04-24 01:05:45.902 [Information] [TwitchViewerBot.Core.Services.TwitchService] Просматриваем стрим с elissontheo
2025-04-24 01:06:36.947 [Information] [TwitchViewerBot.Core.Services.TwitchService] Просматриваем стрим с psycho_punck
2025-04-24 01:06:53.268 [Information] [TwitchViewerBot.Core.Services.TwitchService] Просматриваем стрим с sunshy1a1a
2025-04-24 01:07:05.414 [Information] [TwitchViewerBot.Core.Services.TwitchService] Просматриваем стрим с zilverelxd
2025-04-24 01:07:17.843 [Information] [TwitchViewerBot.Core.Services.TwitchService] Просматриваем стрим с qwejyt
2025-04-24 01:07:30.590 [Information] [TwitchViewerBot.Core.Services.TwitchService] Просматриваем стрим с mrstuartlirul
2025-04-24 01:07:46.380 [Information] [TwitchViewerBot.Core.Services.TwitchService] Просматриваем стрим с ihatque
2025-04-24 01:07:58.535 [Information] [TwitchViewerBot.Core.Services.TwitchService] Просматриваем стрим с dark_angel444
2025-04-24 01:08:09.975 [Information] [TwitchViewerBot.Core.Services.TwitchService] Просматриваем стрим с attycwe
2025-04-24 01:08:21.407 [Information] [TwitchViewerBot.Core.Services.TwitchService] Просматриваем стрим с igris_hou
2025-04-24 01:09:45.857 [Information] [Microsoft.Hosting.Lifetime] Application started. Press Ctrl+C to shut down.
2025-04-24 01:09:45.861 [Information] [Microsoft.Hosting.Lifetime] Hosting environment: Production
2025-04-24 01:09:45.861 [Information] [Microsoft.Hosting.Lifetime] Content root path: C:\Users\Nismo\Documents\GitHub\streams-shop\service\TwitchBot\bin\Debug\net8.0
