2025-04-24 00:46:44.924 [Information] TwitchViewerBot.Data.Seeders.DbInitializer: Инициализация базы данных...
2025-04-24 00:46:45.366 [Information] [TwitchViewerBot.Data.Seeders.DbInitializer] Прокси уже загружены.
2025-04-24 00:46:45.416 [Information] [TwitchViewerBot.Data.Seeders.DbInitializer] Аккаунты уже загружены.
2025-04-24 00:46:45.432 [Information] [TwitchViewerBot.Data.Seeders.DbInitializer] Инициализация БД завершена.
2025-04-24 00:46:46.260 [Information] [TwitchViewerBot.Workers.TaskRunner] TaskRunner запущен
2025-04-24 00:46:46.508 [Information] [TwitchViewerBot.Workers.TaskRunner] Найдено 1 задач в ожидании запуска
2025-04-24 00:46:46.508 [Information] [TwitchViewerBot.Workers.TaskRunner] Запуск задачи 4 для https://www.twitch.tv/suzukaspec
2025-04-24 00:47:03.073 [Information] [TwitchViewerBot.Core.Services.TwitchService] Просматриваем стрим с shadowanrs3
2025-04-24 00:47:16.349 [Information] [TwitchViewerBot.Core.Services.TwitchService] Просматриваем стрим с chungyqueso
2025-04-24 00:47:31.270 [Information] [TwitchViewerBot.Core.Services.TwitchService] Просматриваем стрим с iw4oo
2025-04-24 00:47:47.744 [Information] [TwitchViewerBot.Core.Services.TwitchService] Просматриваем стрим с tpfjae
2025-04-24 00:48:07.393 [Information] [TwitchViewerBot.Core.Services.TwitchService] Просматриваем стрим с lxm7377
2025-04-24 00:48:24.703 [Information] [TwitchViewerBot.Core.Services.TwitchService] Просматриваем стрим с szejme_
2025-04-24 00:48:42.307 [Information] [TwitchViewerBot.Core.Services.TwitchService] Просматриваем стрим с lagman_o3
2025-04-24 00:49:04.601 [Information] [TwitchViewerBot.Core.Services.TwitchService] Просматриваем стрим с coopiskrxzy
2025-04-24 00:49:38.573 [Information] [TwitchViewerBot.Core.Services.TwitchService] Просматриваем стрим с matti_23_ita
2025-04-24 00:50:06.197 [Information] [TwitchViewerBot.Core.Services.TwitchService] Просматриваем стрим с leonovich1
2025-04-24 00:50:37.171 [Information] [TwitchViewerBot.Core.Services.TwitchService] Просматриваем стрим с isyhjyi
2025-04-24 00:50:59.138 [Information] [TwitchViewerBot.Core.Services.TwitchService] Просматриваем стрим с stoviksedi
2025-04-24 00:51:24.501 [Information] [TwitchViewerBot.Core.Services.TwitchService] Просматриваем стрим с ow_despair
