2025-04-23 22:30:09.372 [Information] TwitchViewerBot.Data.Seeders.DbInitializer: Инициализация базы данных...
2025-04-23 22:30:09.392 [Information] [TwitchViewerBot.Data.Seeders.DbInitializer] Инициализация базы данных...
2025-04-23 22:30:09.716 [Information] [TwitchViewerBot.Data.Seeders.DbInitializer] Прокси уже загружены.
2025-04-23 22:30:09.753 [Information] [TwitchViewerBot.Data.Seeders.DbInitializer] Аккаунты уже загружены.
2025-04-23 22:30:09.763 [Information] [TwitchViewerBot.Data.Seeders.DbInitializer] Инициализация БД завершена.
2025-04-23 22:30:09.777 [Information] [TwitchViewerBot.Workers.TaskRunner] TaskRunner запущен
2025-04-23 22:30:09.931 [Information] [TwitchViewerBot.Workers.TaskRunner] Найдено 1 задач в ожидании запуска
2025-04-23 22:30:09.931 [Information] [TwitchViewerBot.Workers.TaskRunner] Запуск задачи 4 для https://www.twitch.tv/suzukaspec
2025-04-23 22:30:10.006 [Information] [Microsoft.Hosting.Lifetime] Application started. Press Ctrl+C to shut down.
2025-04-23 22:30:10.013 [Information] [Microsoft.Hosting.Lifetime] Hosting environment: Production
2025-04-23 22:30:10.013 [Information] [Microsoft.Hosting.Lifetime] Content root path: C:\Users\Nismo\Documents\GitHub\streams-shop\service\TwitchBot\bin\Debug\net8.0
2025-04-23 22:30:51.689 [Information] [TwitchViewerBot.Core.Services.TaskService] Starting distribution for task 4: 25 auth, 10 guest viewers
2025-04-23 22:30:51.939 [Information] [TwitchViewerBot.Core.Services.TaskService] Retrieved 25 auth accounts and 10 proxies
2025-04-23 22:30:51.941 [Information] [TwitchViewerBot.Core.Services.TaskService] Starting auth viewer: tpfjae via 46.8.22.20
2025-04-23 22:32:10.140 [Information] [TwitchViewerBot.Core.Services.TaskService] Starting auth viewer: szejme_ via 188.130.210.168
2025-04-23 22:32:19.045 [Information] [TwitchViewerBot.Core.Services.TaskService] Starting auth viewer: kamisatoteera via 46.8.14.223
2025-04-23 22:32:32.023 [Information] [TwitchViewerBot.Core.Services.TaskService] Starting auth viewer: leonovich1 via 185.181.244.150
2025-04-23 22:32:41.083 [Warning] [TwitchViewerBot.Core.Services.TwitchService] Activity error for szejme_
2025-04-23 22:32:43.644 [Information] [TwitchViewerBot.Core.Services.TaskService] Starting auth viewer: stoviksedi via 109.248.143.238
2025-04-23 22:32:57.452 [Information] [TwitchViewerBot.Core.Services.TaskService] Starting auth viewer: elissontheo via 188.130.143.136
2025-04-23 22:33:01.894 [Warning] [TwitchViewerBot.Core.Services.TwitchService] Activity error for szejme_
2025-04-23 22:33:08.682 [Information] [TwitchViewerBot.Core.Services.TaskService] Starting auth viewer: chungyqueso via 2.59.50.55
2025-04-23 22:33:10.225 [Warning] [TwitchViewerBot.Core.Services.TwitchService] Activity error for tpfjae
2025-04-23 22:33:18.226 [Warning] [TwitchViewerBot.Core.Services.TwitchService] Activity error for szejme_
2025-04-23 22:33:18.770 [Warning] [TwitchViewerBot.Core.Services.TwitchService] Activity error for leonovich1
2025-04-23 22:33:19.860 [Warning] [TwitchViewerBot.Core.Services.TwitchService] Activity error for kamisatoteera
2025-04-23 22:33:22.019 [Information] [TwitchViewerBot.Core.Services.TaskService] Starting auth viewer: matti_23_ita via 109.248.139.120
2025-04-23 22:33:31.815 [Warning] [TwitchViewerBot.Core.Services.TwitchService] Activity error for elissontheo
2025-04-23 22:33:36.248 [Information] [TwitchViewerBot.Core.Services.TaskService] Starting auth viewer: ihatque via 46.8.57.126
2025-04-23 22:33:40.010 [Warning] [TwitchViewerBot.Core.Services.TwitchService] Activity error for elissontheo
2025-04-23 22:33:51.553 [Warning] [TwitchViewerBot.Core.Services.TwitchService] Activity error for stoviksedi
2025-04-23 22:33:53.879 [Warning] [TwitchViewerBot.Core.Services.TwitchService] Activity error for elissontheo
2025-04-23 22:33:54.397 [Warning] [TwitchViewerBot.Core.Services.TwitchService] Activity error for leonovich1
2025-04-23 22:33:54.627 [Warning] [TwitchViewerBot.Core.Services.TwitchService] Activity error for chungyqueso
2025-04-23 22:33:55.874 [Warning] [TwitchViewerBot.Core.Services.TwitchService] Activity error for matti_23_ita
2025-04-23 22:33:56.216 [Information] [TwitchViewerBot.Core.Services.TaskService] Starting auth viewer: psycho_punck via 45.81.137.14
2025-04-23 22:33:56.630 [Warning] [TwitchViewerBot.Core.Services.TwitchService] Activity error for tpfjae
2025-04-23 22:34:03.881 [Warning] [TwitchViewerBot.Core.Services.TwitchService] Activity error for matti_23_ita
2025-04-23 22:34:09.078 [Warning] [TwitchViewerBot.Core.Services.TwitchService] Activity error for chungyqueso
2025-04-23 22:34:16.218 [Warning] [TwitchViewerBot.Core.Services.TwitchService] Activity error for chungyqueso
2025-04-23 22:34:23.225 [Warning] [TwitchViewerBot.Core.Services.TwitchService] Activity error for chungyqueso
2025-04-23 22:34:24.025 [Warning] [TwitchViewerBot.Core.Services.TwitchService] Activity error for leonovich1
2025-04-23 22:34:28.022 [Warning] [TwitchViewerBot.Core.Services.TwitchService] Activity error for kamisatoteera
2025-04-23 22:34:29.055 [Warning] [TwitchViewerBot.Core.Services.TwitchService] Activity error for matti_23_ita
2025-04-23 22:34:30.522 [Warning] [TwitchViewerBot.Core.Services.TwitchService] Activity error for szejme_
2025-04-23 22:34:30.523 [Warning] [TwitchViewerBot.Core.Services.TwitchService] Activity error for leonovich1
2025-04-23 22:34:35.940 [Warning] [TwitchViewerBot.Core.Services.TwitchService] Activity error for elissontheo
2025-04-23 22:34:36.727 [Warning] [TwitchViewerBot.Core.Services.TwitchService] Activity error for szejme_
2025-04-23 22:34:36.727 [Warning] [TwitchViewerBot.Core.Services.TwitchService] Activity error for leonovich1
2025-04-23 22:34:39.933 [Warning] [TwitchViewerBot.Core.Services.TwitchService] Activity error for ihatque
2025-04-23 22:34:40.754 [Warning] [TwitchViewerBot.Core.Services.TwitchService] Activity error for chungyqueso
2025-04-23 22:34:42.929 [Warning] [TwitchViewerBot.Core.Services.TwitchService] Activity error for leonovich1
2025-04-23 22:34:43.485 [Warning] [TwitchViewerBot.Core.Services.TwitchService] Activity error for matti_23_ita
2025-04-23 22:34:46.926 [Warning] [TwitchViewerBot.Core.Services.TwitchService] Activity error for chungyqueso
2025-04-23 22:34:48.200 [Warning] [TwitchViewerBot.Core.Services.TwitchService] Activity error for stoviksedi
2025-04-23 22:34:48.449 [Warning] [TwitchViewerBot.Core.Services.TwitchService] Activity error for elissontheo
2025-04-23 22:34:49.142 [Warning] [TwitchViewerBot.Core.Services.TwitchService] Activity error for leonovich1
2025-04-23 22:34:54.078 [Warning] [TwitchViewerBot.Core.Services.TwitchService] Activity error for kamisatoteera
2025-04-23 22:34:54.746 [Warning] [TwitchViewerBot.Core.Services.TwitchService] Activity error for elissontheo
2025-04-23 22:34:55.427 [Warning] [TwitchViewerBot.Core.Services.TwitchService] Activity error for leonovich1
2025-04-23 22:34:57.859 [Warning] [TwitchViewerBot.Core.Services.TwitchService] Activity error for psycho_punck
2025-04-23 22:35:01.264 [Warning] [TwitchViewerBot.Core.Services.TwitchService] Activity error for ihatque
2025-04-23 22:35:01.565 [Warning] [TwitchViewerBot.Core.Services.TwitchService] Activity error for leonovich1
2025-04-23 22:35:03.324 [Warning] [TwitchViewerBot.Core.Services.TwitchService] Activity error for szejme_
2025-04-23 22:35:04.046 [Warning] [TwitchViewerBot.Core.Services.TwitchService] Activity error for psycho_punck
2025-04-23 22:35:04.472 [Warning] [TwitchViewerBot.Core.Services.TwitchService] Activity error for matti_23_ita
2025-04-23 22:35:10.606 [Warning] [TwitchViewerBot.Core.Services.TwitchService] Activity error for matti_23_ita
2025-04-23 22:35:12.429 [Warning] [TwitchViewerBot.Core.Services.TwitchService] Activity error for stoviksedi
2025-04-23 22:35:14.791 [Warning] [TwitchViewerBot.Core.Services.TwitchService] Activity error for leonovich1
2025-04-23 22:35:15.102 [Warning] [TwitchViewerBot.Core.Services.TwitchService] Activity error for tpfjae
2025-04-23 22:35:15.519 [Warning] [TwitchViewerBot.Core.Services.TwitchService] Activity error for szejme_
2025-04-23 22:35:16.175 [Warning] [TwitchViewerBot.Core.Services.TwitchService] Activity error for ihatque
2025-04-23 22:35:16.263 [Warning] [TwitchViewerBot.Core.Services.TwitchService] Activity error for elissontheo
2025-04-23 22:35:16.751 [Warning] [TwitchViewerBot.Core.Services.TwitchService] Activity error for matti_23_ita
2025-04-23 22:35:21.676 [Warning] [TwitchViewerBot.Core.Services.TwitchService] Activity error for szejme_
2025-04-23 22:35:22.235 [Warning] [TwitchViewerBot.Core.Services.TwitchService] Activity error for psycho_punck
2025-04-23 22:35:22.326 [Warning] [TwitchViewerBot.Core.Services.TwitchService] Activity error for ihatque
2025-04-23 22:35:24.162 [Warning] [TwitchViewerBot.Core.Services.TwitchService] Activity error for stoviksedi
2025-04-23 22:35:25.936 [Warning] [TwitchViewerBot.Core.Services.TwitchService] Activity error for kamisatoteera
2025-04-23 22:35:26.197 [Warning] [TwitchViewerBot.Core.Services.TwitchService] Activity error for leonovich1
2025-04-23 22:35:29.228 [Warning] [TwitchViewerBot.Core.Services.TwitchService] Activity error for elissontheo
2025-04-23 22:35:30.369 [Warning] [TwitchViewerBot.Core.Services.TwitchService] Activity error for stoviksedi
2025-04-23 22:35:32.389 [Warning] [TwitchViewerBot.Core.Services.TwitchService] Activity error for leonovich1
2025-04-23 22:35:33.832 [Warning] [TwitchViewerBot.Core.Services.TwitchService] Activity error for psycho_punck
2025-04-23 22:35:35.356 [Warning] [TwitchViewerBot.Core.Services.TwitchService] Activity error for elissontheo
2025-04-23 22:35:35.823 [Warning] [TwitchViewerBot.Core.Services.TwitchService] Activity error for matti_23_ita
2025-04-23 22:35:36.621 [Warning] [TwitchViewerBot.Core.Services.TwitchService] Activity error for stoviksedi
2025-04-23 22:35:39.986 [Warning] [TwitchViewerBot.Core.Services.TwitchService] Activity error for psycho_punck
2025-04-23 22:35:41.492 [Warning] [TwitchViewerBot.Core.Services.TwitchService] Activity error for elissontheo
2025-04-23 22:35:42.089 [Warning] [TwitchViewerBot.Core.Services.TwitchService] Activity error for szejme_
2025-04-23 22:35:42.430 [Warning] [TwitchViewerBot.Core.Services.TwitchService] Activity error for ihatque
2025-04-23 22:35:47.644 [Warning] [TwitchViewerBot.Core.Services.TwitchService] Activity error for elissontheo
2025-04-23 22:35:48.230 [Warning] [TwitchViewerBot.Core.Services.TwitchService] Activity error for szejme_
2025-04-23 22:35:50.295 [Warning] [TwitchViewerBot.Core.Services.TwitchService] Activity error for tpfjae
2025-04-23 22:35:53.522 [Warning] [TwitchViewerBot.Core.Services.TwitchService] Activity error for kamisatoteera
2025-04-23 22:35:55.695 [Warning] [TwitchViewerBot.Core.Services.TwitchService] Activity error for matti_23_ita
2025-04-23 22:35:59.187 [Warning] [TwitchViewerBot.Core.Services.TwitchService] Activity error for ihatque
2025-04-23 22:35:59.637 [Warning] [TwitchViewerBot.Core.Services.TwitchService] Activity error for kamisatoteera
2025-04-23 22:36:05.323 [Warning] [TwitchViewerBot.Core.Services.TwitchService] Activity error for ihatque
2025-04-23 22:36:05.645 [Warning] [TwitchViewerBot.Core.Services.TwitchService] Activity error for leonovich1
2025-04-23 22:36:07.739 [Warning] [TwitchViewerBot.Core.Services.TwitchService] Activity error for elissontheo
2025-04-23 22:36:11.478 [Warning] [TwitchViewerBot.Core.Services.TwitchService] Activity error for ihatque
2025-04-23 22:36:11.641 [Warning] [TwitchViewerBot.Core.Services.TwitchService] Activity error for psycho_punck
2025-04-23 22:36:12.912 [Warning] [TwitchViewerBot.Core.Services.TwitchService] Activity error for szejme_
2025-04-23 22:36:14.769 [Warning] [TwitchViewerBot.Core.Services.TwitchService] Activity error for kamisatoteera
2025-04-23 22:36:19.060 [Warning] [TwitchViewerBot.Core.Services.TwitchService] Activity error for szejme_
2025-04-23 22:36:21.783 [Warning] [TwitchViewerBot.Core.Services.TwitchService] Activity error for elissontheo
2025-04-23 22:36:25.191 [Warning] [TwitchViewerBot.Core.Services.TwitchService] Activity error for szejme_
2025-04-23 22:36:26.544 [Warning] [TwitchViewerBot.Core.Services.TwitchService] Activity error for stoviksedi
2025-04-23 22:36:30.369 [Warning] [TwitchViewerBot.Core.Services.TwitchService] Activity error for chungyqueso
2025-04-23 22:36:31.826 [Warning] [TwitchViewerBot.Core.Services.TwitchService] Activity error for kamisatoteera
2025-04-23 22:36:42.725 [Warning] [TwitchViewerBot.Core.Services.TwitchService] Activity error for ihatque
2025-04-23 22:36:43.249 [Warning] [TwitchViewerBot.Core.Services.TwitchService] Activity error for tpfjae
2025-04-23 22:36:46.182 [Warning] [TwitchViewerBot.Core.Services.TwitchService] Activity error for kamisatoteera
2025-04-23 22:36:46.864 [Warning] [TwitchViewerBot.Core.Services.TwitchService] Activity error for leonovich1
2025-04-23 22:36:48.457 [Warning] [TwitchViewerBot.Core.Services.TwitchService] Activity error for stoviksedi
2025-04-23 22:36:55.264 [Warning] [TwitchViewerBot.Core.Services.TwitchService] Activity error for elissontheo
2025-04-23 22:36:58.011 [Warning] [TwitchViewerBot.Core.Services.TwitchService] Activity error for matti_23_ita
2025-04-23 22:36:59.752 [Warning] [TwitchViewerBot.Core.Services.TwitchService] Activity error for chungyqueso
2025-04-23 22:37:01.385 [Warning] [TwitchViewerBot.Core.Services.TwitchService] Activity error for elissontheo
2025-04-23 22:37:02.739 [Warning] [TwitchViewerBot.Core.Services.TwitchService] Activity error for tpfjae
2025-04-23 22:37:03.792 [Warning] [TwitchViewerBot.Core.Services.TwitchService] Activity error for kamisatoteera
2025-04-23 22:37:13.456 [Warning] [TwitchViewerBot.Core.Services.TwitchService] Activity error for stoviksedi
2025-04-23 22:37:14.283 [Warning] [TwitchViewerBot.Core.Services.TwitchService] Activity error for ihatque
2025-04-23 22:37:18.304 [Warning] [TwitchViewerBot.Core.Services.TwitchService] Activity error for psycho_punck
2025-04-23 22:37:19.657 [Warning] [TwitchViewerBot.Core.Services.TwitchService] Activity error for stoviksedi
